This is XeTeX, Version 3.141592653-2.6-0.999997 (TeX Live 2025) (preloaded format=xelatex 2025.7.23)  1 DEC 2025 21:01
entering extended mode
 restricted \write18 enabled.
 file:line:error style messages enabled.
 %&-line parsing enabled.
**d:/WORKSPACE/LINUX/OS_Simple_Program_Pi/latex_src/main
(d:/WORKSPACE/LINUX/OS_Simple_Program_Pi/latex_src/main.tex
LaTeX2e <2025-06-01> patch level 1
L3 programming layer <2025-07-19>
(./hcmut_report.cls
Document Class: hcmut_report 
(c:/texlive/2025/texmf-dist/tex/latex/base/article.cls
Document Class: article 2025/01/22 v1.4n Standard LaTeX document class
(c:/texlive/2025/texmf-dist/tex/latex/base/size10.clo
File: size10.clo 2025/01/22 v1.4n Standard LaTeX file (size option)
)
\c@part=\count271
\c@section=\count272
\c@subsection=\count273
\c@subsubsection=\count274
\c@paragraph=\count275
\c@subparagraph=\count276
\c@figure=\count277
\c@table=\count278
\abovecaptionskip=\skip49
\belowcaptionskip=\skip50
\bibindent=\dimen148
) (c:/texlive/2025/texmf-dist/tex/latex/koma-script/scrextend.sty
Package: scrextend 2025/06/04 v3.45 KOMA-Script package (extend other classes with features of KOMA-Script classes)
 (c:/texlive/2025/texmf-dist/tex/latex/koma-script/scrkbase.sty
Package: scrkbase 2025/06/04 v3.45 KOMA-Script package (KOMA-Script-dependent basics and keyval usage)
 (c:/texlive/2025/texmf-dist/tex/latex/koma-script/scrbase.sty
Package: scrbase 2025/06/04 v3.45 KOMA-Script package (KOMA-Script-independent basics and keyval usage)
 (c:/texlive/2025/texmf-dist/tex/latex/koma-script/scrlfile.sty
Package: scrlfile 2025/06/04 v3.45 KOMA-Script package (file load hooks)
 (c:/texlive/2025/texmf-dist/tex/latex/koma-script/scrlfile-hook.sty
Package: scrlfile-hook 2025/06/04 v3.45 KOMA-Script package (using LaTeX hooks)
 (c:/texlive/2025/texmf-dist/tex/latex/koma-script/scrlogo.sty
Package: scrlogo 2025/06/04 v3.45 KOMA-Script package (logo)
))) (c:/texlive/2025/texmf-dist/tex/latex/graphics/keyval.sty
Package: keyval 2022/05/29 v1.15 key=value parser (DPC)
\KV@toks@=\toks17
)
Applying: [2021/05/01] Usage of raw or classic option list on input line 254.
Already applied: [0000/00/00] Usage of raw or classic option list on input line 370.
))
Package scrextend Info: You've used standard option `final'.
(scrextend)             This is correct!
(scrextend)             Internally I'm using `draft=false'.
(scrextend)             If you'd like to set the option with \KOMAoptions,
(scrextend)             you'd have to use `draft=false' there
(scrextend)             instead of `final', too.
)
Package scrextend Info: File `scrsize12pt.clo' used to setup font sizes on input line 12.
 (c:/texlive/2025/texmf-dist/tex/latex/koma-script/scrsize12pt.clo
File: scrsize12pt.clo 2025/06/04 v3.45 KOMA-Script font size class option (12pt)
) (c:/texlive/2025/texmf-dist/tex/latex/vntex/vntex.sty
Package: vntex 2009/07/12 v1.1 support for Vietnamese
 (c:/texlive/2025/texmf-dist/tex/latex/base/ifthen.sty
Package: ifthen 2024/03/16 v1.1e Standard LaTeX ifthen package (DPC)
) (c:/texlive/2025/texmf-dist/tex/latex/base/fontenc.sty
Package: fontenc 2024/12/21 v2.1c Standard LaTeX package
 (c:/texlive/2025/texmf-dist/tex/latex/vntex/t5enc.def
File: t5enc.def 2006/11/21 v1.4 Vietnamese T5 encoding
)
LaTeX Font Info:    Trying to load font information for T5+lmr on input line 116.
 (c:/texlive/2025/texmf-dist/tex/latex/lm/t5lmr.fd
File: t5lmr.fd 2015/05/01 v1.6.1 Font defs for Latin Modern
)) (c:/texlive/2025/texmf-dist/tex/latex/base/inputenc.sty
Package: inputenc 2024/02/08 v1.3d Input encoding file
\inpenc@prehook=\toks18
\inpenc@posthook=\toks19


Package inputenc Warning: inputenc package ignored with utf8 based engines.

) (c:/texlive/2025/texmf-dist/tex/latex/vntex/vncaps.tex
File: vncaps.tex 2006/06/07 v1.1 Captions in Vietnamese
)) (c:/texlive/2025/texmf-dist/tex/latex/base/fontenc.sty
Package: fontenc 2024/12/21 v2.1c Standard LaTeX package
) (c:/texlive/2025/texmf-dist/tex/latex/psnfss/mathptmx.sty
Package: mathptmx 2020/03/25 PSNFSS-v9.3 Times w/ Math, improved (SPQR, WaS) 
LaTeX Font Info:    Redeclaring symbol font `operators' on input line 28.
LaTeX Font Info:    Overwriting symbol font `operators' in version `normal'
(Font)                  OT1/cmr/m/n --> OT1/ztmcm/m/n on input line 28.
LaTeX Font Info:    Overwriting symbol font `operators' in version `bold'
(Font)                  OT1/cmr/bx/n --> OT1/ztmcm/m/n on input line 28.
LaTeX Font Info:    Redeclaring symbol font `letters' on input line 29.
LaTeX Font Info:    Overwriting symbol font `letters' in version `normal'
(Font)                  OML/cmm/m/it --> OML/ztmcm/m/it on input line 29.
LaTeX Font Info:    Overwriting symbol font `letters' in version `bold'
(Font)                  OML/cmm/b/it --> OML/ztmcm/m/it on input line 29.
LaTeX Font Info:    Redeclaring symbol font `symbols' on input line 30.
LaTeX Font Info:    Overwriting symbol font `symbols' in version `normal'
(Font)                  OMS/cmsy/m/n --> OMS/ztmcm/m/n on input line 30.
LaTeX Font Info:    Overwriting symbol font `symbols' in version `bold'
(Font)                  OMS/cmsy/b/n --> OMS/ztmcm/m/n on input line 30.
LaTeX Font Info:    Redeclaring symbol font `largesymbols' on input line 31.
LaTeX Font Info:    Overwriting symbol font `largesymbols' in version `normal'
(Font)                  OMX/cmex/m/n --> OMX/ztmcm/m/n on input line 31.
LaTeX Font Info:    Overwriting symbol font `largesymbols' in version `bold'
(Font)                  OMX/cmex/m/n --> OMX/ztmcm/m/n on input line 31.
\symbold=\mathgroup4
\symitalic=\mathgroup5
LaTeX Font Info:    Redeclaring math alphabet \mathbf on input line 34.
LaTeX Font Info:    Overwriting math alphabet `\mathbf' in version `normal'
(Font)                  OT1/cmr/bx/n --> OT1/ptm/bx/n on input line 34.
LaTeX Font Info:    Overwriting math alphabet `\mathbf' in version `bold'
(Font)                  OT1/cmr/bx/n --> OT1/ptm/bx/n on input line 34.
LaTeX Font Info:    Redeclaring math alphabet \mathit on input line 35.
LaTeX Font Info:    Overwriting math alphabet `\mathit' in version `normal'
(Font)                  OT1/cmr/m/it --> OT1/ptm/m/it on input line 35.
LaTeX Font Info:    Overwriting math alphabet `\mathit' in version `bold'
(Font)                  OT1/cmr/bx/it --> OT1/ptm/m/it on input line 35.
LaTeX Info: Redefining \hbar on input line 50.
) (c:/texlive/2025/texmf-dist/tex/latex/anyfontsize/anyfontsize.sty
Invalid UTF-8 byte or sequence at line 3 replaced by U+FFFD.
Invalid UTF-8 byte or sequence at line 3 replaced by U+FFFD.
Package: anyfontsize 2007/11/22 anyfontsize.sty by pts
) (c:/texlive/2025/texmf-dist/tex/latex/amsmath/amsmath.sty
Package: amsmath 2025/06/16 v2.17y AMS math features
\@mathmargin=\skip51

For additional information on amsmath, use the `?' option.
(c:/texlive/2025/texmf-dist/tex/latex/amsmath/amstext.sty
Package: amstext 2024/11/17 v2.01 AMS text
 (c:/texlive/2025/texmf-dist/tex/latex/amsmath/amsgen.sty
File: amsgen.sty 1999/11/30 v2.0 generic functions
\@emptytoks=\toks20
\ex@=\dimen149
)) (c:/texlive/2025/texmf-dist/tex/latex/amsmath/amsbsy.sty
Package: amsbsy 1999/11/29 v1.2d Bold Symbols
\pmbraise@=\dimen150
) (c:/texlive/2025/texmf-dist/tex/latex/amsmath/amsopn.sty
Package: amsopn 2022/04/08 v2.04 operator names
)
\inf@bad=\count279
LaTeX Info: Redefining \frac on input line 233.
\uproot@=\count280
\leftroot@=\count281
LaTeX Info: Redefining \overline on input line 398.
LaTeX Info: Redefining \colon on input line 409.
\classnum@=\count282
\DOTSCASE@=\count283
LaTeX Info: Redefining \ldots on input line 495.
LaTeX Info: Redefining \dots on input line 498.
LaTeX Info: Redefining \cdots on input line 619.
\Mathstrutbox@=\box53
\strutbox@=\box54
LaTeX Info: Redefining \big on input line 721.
LaTeX Info: Redefining \Big on input line 722.
LaTeX Info: Redefining \bigg on input line 723.
LaTeX Info: Redefining \Bigg on input line 724.
\big@size=\dimen151
LaTeX Font Info:    Redeclaring font encoding OML on input line 742.
LaTeX Font Info:    Redeclaring font encoding OMS on input line 743.
\macc@depth=\count284
LaTeX Info: Redefining \bmod on input line 904.
LaTeX Info: Redefining \pmod on input line 909.
LaTeX Info: Redefining \smash on input line 939.
LaTeX Info: Redefining \relbar on input line 969.
LaTeX Info: Redefining \Relbar on input line 970.
\c@MaxMatrixCols=\count285
\dotsspace@=\muskip17
\c@parentequation=\count286
\dspbrk@lvl=\count287
\tag@help=\toks21
\row@=\count288
\column@=\count289
\maxfields@=\count290
\andhelp@=\toks22
\eqnshift@=\dimen152
\alignsep@=\dimen153
\tagshift@=\dimen154
\tagwidth@=\dimen155
\totwidth@=\dimen156
\lineht@=\dimen157
\@envbody=\toks23
\multlinegap=\skip52
\multlinetaggap=\skip53
\mathdisplay@stack=\toks24
LaTeX Info: Redefining \[ on input line 2949.
LaTeX Info: Redefining \] on input line 2950.
) (c:/texlive/2025/texmf-dist/tex/latex/amsfonts/amssymb.sty
Package: amssymb 2013/01/14 v3.01 AMS font symbols
 (c:/texlive/2025/texmf-dist/tex/latex/amsfonts/amsfonts.sty
Package: amsfonts 2013/01/14 v3.01 Basic AMSFonts support
\symAMSa=\mathgroup6
\symAMSb=\mathgroup7
LaTeX Font Info:    Overwriting math alphabet `\mathfrak' in version `bold'
(Font)                  U/euf/m/n --> U/euf/b/n on input line 106.
)) (c:/texlive/2025/texmf-dist/tex/generic/oberdiek/hyphsubst.sty
Package: hyphsubst 2016/05/16 v0.3 Substitute hyphenation patterns (HO)
 (c:/texlive/2025/texmf-dist/tex/generic/infwarerr/infwarerr.sty
Package: infwarerr 2019/12/03 v1.5 Providing info/warning/error messages (HO)
)
Package hyphsubst Info: Redefined: \l@vietnamese
(hyphsubst)             old value: 88
(hyphsubst)             new value: 2 on input line 227.
) (c:/texlive/2025/texmf-dist/tex/generic/babel/babel.sty
Package: babel 2025/07/13 v25.11 The multilingual framework for LuaLaTeX, pdfLaTeX and XeLaTeX
\babel@savecnt=\count291
LaTeX Encoding Info:    Redeclaring text command \ij (encoding OT1) on input line 2045.
LaTeX Encoding Info:    Redeclaring text command \IJ (encoding OT1) on input line 2047.
LaTeX Encoding Info:    Redeclaring text command \ij (encoding T1) on input line 2049.
LaTeX Encoding Info:    Redeclaring text command \IJ (encoding T1) on input line 2050.
LaTeX Encoding Info:    Ignoring declaration for text command \ij (encoding ?) on input line 2051.
LaTeX Encoding Info:    Ignoring declaration for text command \IJ (encoding ?) on input line 2053.
LaTeX Encoding Info:    Ignoring declaration for text command \SS (encoding ?) on input line 2078.
\U@D=\dimen158
\l@unhyphenated=\language90
 (c:/texlive/2025/texmf-dist/tex/generic/babel/xebabel.def)
\bbl@readstream=\read2
\bbl@dirlevel=\count292
 (c:/texlive/2025/texmf-dist/tex/generic/babel-vietnamese/vietnamese.ldf
Language: vietnamese 
 (c:/texlive/2025/texmf-dist/tex/generic/babel/locale/vi/babel-vietnamese.tex
Package babel Info: Importing font and identification data for vietnamese
(babel)             from babel-vi.ini. Reported on input line 12.
)
Package babel Info: Making " an active character on input line 147.
)) (c:/texlive/2025/texmf-dist/tex/latex/fancyhdr/fancyhdr.sty
Package: fancyhdr 2025/02/07 v5.2 Extensive control of page headers and footers
\f@nch@headwidth=\skip54
\f@nch@offset@elh=\skip55
\f@nch@offset@erh=\skip56
\f@nch@offset@olh=\skip57
\f@nch@offset@orh=\skip58
\f@nch@offset@elf=\skip59
\f@nch@offset@erf=\skip60
\f@nch@offset@olf=\skip61
\f@nch@offset@orf=\skip62
\f@nch@height=\skip63
\f@nch@footalignment=\skip64
\f@nch@widthL=\skip65
\f@nch@widthC=\skip66
\f@nch@widthR=\skip67
\@temptokenb=\toks25
) (c:/texlive/2025/texmf-dist/tex/latex/hyperref/hyperref.sty
Package: hyperref 2025-07-12 v7.01o Hypertext links for LaTeX
 (c:/texlive/2025/texmf-dist/tex/generic/iftex/iftex.sty
Package: iftex 2024/12/12 v1.0g TeX engine tests
) (c:/texlive/2025/texmf-dist/tex/latex/kvsetkeys/kvsetkeys.sty
Package: kvsetkeys 2022-10-05 v1.19 Key value parser (HO)
) (c:/texlive/2025/texmf-dist/tex/generic/kvdefinekeys/kvdefinekeys.sty
Package: kvdefinekeys 2019-12-19 v1.6 Define keys (HO)
) (c:/texlive/2025/texmf-dist/tex/generic/pdfescape/pdfescape.sty
Package: pdfescape 2019/12/09 v1.15 Implements pdfTeX's escape features (HO)
 (c:/texlive/2025/texmf-dist/tex/generic/ltxcmds/ltxcmds.sty
Package: ltxcmds 2023-12-04 v1.26 LaTeX kernel commands for general use (HO)
) (c:/texlive/2025/texmf-dist/tex/generic/pdftexcmds/pdftexcmds.sty
Package: pdftexcmds 2020-06-27 v0.33 Utility functions of pdfTeX for LuaTeX (HO)
Package pdftexcmds Info: \pdf@primitive is available.
Package pdftexcmds Info: \pdf@ifprimitive is available.
Package pdftexcmds Info: \pdfdraftmode not found.
)) (c:/texlive/2025/texmf-dist/tex/latex/hycolor/hycolor.sty
Package: hycolor 2020-01-27 v1.10 Color options for hyperref/bookmark (HO)
) (c:/texlive/2025/texmf-dist/tex/latex/hyperref/nameref.sty
Package: nameref 2025-06-21 v2.57 Cross-referencing by name of section
 (c:/texlive/2025/texmf-dist/tex/latex/refcount/refcount.sty
Package: refcount 2019/12/15 v3.6 Data extraction from label references (HO)
) (c:/texlive/2025/texmf-dist/tex/generic/gettitlestring/gettitlestring.sty
Package: gettitlestring 2019/12/15 v1.6 Cleanup title references (HO)
 (c:/texlive/2025/texmf-dist/tex/latex/kvoptions/kvoptions.sty
Package: kvoptions 2022-06-15 v3.15 Key value format for package options (HO)
))
\c@section@level=\count293
) (c:/texlive/2025/texmf-dist/tex/latex/etoolbox/etoolbox.sty
Package: etoolbox 2025/02/11 v2.5l e-TeX tools for LaTeX (JAW)
\etb@tempcnta=\count294
) (c:/texlive/2025/texmf-dist/tex/generic/stringenc/stringenc.sty
Package: stringenc 2019/11/29 v1.12 Convert strings between diff. encodings (HO)
)
\@linkdim=\dimen159
\Hy@linkcounter=\count295
\Hy@pagecounter=\count296
 (c:/texlive/2025/texmf-dist/tex/latex/hyperref/pd1enc.def
File: pd1enc.def 2025-07-12 v7.01o Hyperref: PDFDocEncoding definition (HO)
) (c:/texlive/2025/texmf-dist/tex/generic/intcalc/intcalc.sty
Package: intcalc 2019/12/15 v1.3 Expandable calculations with integers (HO)
)
\Hy@SavedSpaceFactor=\count297
 (c:/texlive/2025/texmf-dist/tex/latex/hyperref/puenc.def
File: puenc.def 2025-07-12 v7.01o Hyperref: PDF Unicode definition (HO)
)
Package hyperref Info: Option `final' set `true' on input line 4066.
Package hyperref Info: Hyper figures OFF on input line 4195.
Package hyperref Info: Link nesting OFF on input line 4200.
Package hyperref Info: Hyper index ON on input line 4203.
Package hyperref Info: Plain pages OFF on input line 4210.
Package hyperref Info: Backreferencing OFF on input line 4215.
Package hyperref Info: Implicit mode ON; LaTeX internals redefined.
Package hyperref Info: Bookmarks ON on input line 4462.
\c@Hy@tempcnt=\count298
 (c:/texlive/2025/texmf-dist/tex/latex/url/url.sty
\Urlmuskip=\muskip18
Package: url 2013/09/16  ver 3.4  Verb mode for urls, etc.
)
LaTeX Info: Redefining \url on input line 4801.
\XeTeXLinkMargin=\dimen160
 (c:/texlive/2025/texmf-dist/tex/generic/bitset/bitset.sty
Package: bitset 2019/12/09 v1.3 Handle bit-vector datatype (HO)
 (c:/texlive/2025/texmf-dist/tex/generic/bigintcalc/bigintcalc.sty
Package: bigintcalc 2019/12/15 v1.5 Expandable calculations on big integers (HO)
))
\Fld@menulength=\count299
\Field@Width=\dimen161
\Fld@charsize=\dimen162
Package hyperref Info: Hyper figures OFF on input line 6078.
Package hyperref Info: Link nesting OFF on input line 6083.
Package hyperref Info: Hyper index ON on input line 6086.
Package hyperref Info: backreferencing OFF on input line 6093.
Package hyperref Info: Link coloring OFF on input line 6098.
Package hyperref Info: Link coloring with OCG OFF on input line 6103.
Package hyperref Info: PDF/A mode OFF on input line 6108.
\Hy@abspage=\count300
\c@Item=\count301
\c@Hfootnote=\count302
)
Package hyperref Info: Driver (autodetected): hxetex.
 (c:/texlive/2025/texmf-dist/tex/latex/hyperref/hxetex.def
File: hxetex.def 2025-07-12 v7.01o Hyperref driver for XeTeX
\pdfm@box=\box55
\c@Hy@AnnotLevel=\count303
\HyField@AnnotCount=\count304
\Fld@listcount=\count305
\c@bookmark@seq@number=\count306
 (c:/texlive/2025/texmf-dist/tex/latex/rerunfilecheck/rerunfilecheck.sty
Package: rerunfilecheck 2025-06-21 v1.11 Rerun checks for auxiliary files (HO)
 (c:/texlive/2025/texmf-dist/tex/generic/uniquecounter/uniquecounter.sty
Package: uniquecounter 2019/12/15 v1.4 Provide unlimited unique counter (HO)
)
Package uniquecounter Info: New unique counter `rerunfilecheck' on input line 284.
)
\Hy@SectionHShift=\skip68
) (c:/texlive/2025/texmf-dist/tex/latex/natbib/natbib.sty
Package: natbib 2010/09/13 8.31b (PWD, AO)
\bibhang=\skip69
\bibsep=\skip70
LaTeX Info: Redefining \cite on input line 694.
\c@NAT@ctr=\count307
) (c:/texlive/2025/texmf-dist/tex/latex/pgf/frontendlayer/tikz.sty (c:/texlive/2025/texmf-dist/tex/latex/pgf/basiclayer/pgf.sty (c:/texlive/2025/texmf-dist/tex/latex/pgf/utilities/pgfrcs.sty (c:/texlive/2025/texmf-dist/tex/generic/pgf/utilities/pgfutil-common.tex
\pgfutil@everybye=\toks26
\pgfutil@tempdima=\dimen163
\pgfutil@tempdimb=\dimen164
) (c:/texlive/2025/texmf-dist/tex/generic/pgf/utilities/pgfutil-latex.def
\pgfutil@abb=\box56
) (c:/texlive/2025/texmf-dist/tex/generic/pgf/utilities/pgfrcs.code.tex (c:/texlive/2025/texmf-dist/tex/generic/pgf/pgf.revision.tex)
Package: pgfrcs 2023-01-15 v3.1.10 (3.1.10)
))
Package: pgf 2023-01-15 v3.1.10 (3.1.10)
 (c:/texlive/2025/texmf-dist/tex/latex/pgf/basiclayer/pgfcore.sty (c:/texlive/2025/texmf-dist/tex/latex/graphics/graphicx.sty
Package: graphicx 2024/12/31 v1.2e Enhanced LaTeX Graphics (DPC,SPQR)
 (c:/texlive/2025/texmf-dist/tex/latex/graphics/graphics.sty
Package: graphics 2024/08/06 v1.4g Standard LaTeX Graphics (DPC,SPQR)
 (c:/texlive/2025/texmf-dist/tex/latex/graphics/trig.sty
Package: trig 2023/12/02 v1.11 sin cos tan (DPC)
) (c:/texlive/2025/texmf-dist/tex/latex/graphics-cfg/graphics.cfg
File: graphics.cfg 2016/06/04 v1.11 sample graphics configuration
)
Package graphics Info: Driver file: xetex.def on input line 106.
 (c:/texlive/2025/texmf-dist/tex/latex/graphics-def/xetex.def
File: xetex.def 2022/09/22 v5.0n Graphics/color driver for xetex
))
\Gin@req@height=\dimen165
\Gin@req@width=\dimen166
) (c:/texlive/2025/texmf-dist/tex/latex/pgf/systemlayer/pgfsys.sty (c:/texlive/2025/texmf-dist/tex/generic/pgf/systemlayer/pgfsys.code.tex
Package: pgfsys 2023-01-15 v3.1.10 (3.1.10)
 (c:/texlive/2025/texmf-dist/tex/generic/pgf/utilities/pgfkeys.code.tex
\pgfkeys@pathtoks=\toks27
\pgfkeys@temptoks=\toks28
 (c:/texlive/2025/texmf-dist/tex/generic/pgf/utilities/pgfkeyslibraryfiltered.code.tex
\pgfkeys@tmptoks=\toks29
))
\pgf@x=\dimen167
\pgf@y=\dimen168
\pgf@xa=\dimen169
\pgf@ya=\dimen170
\pgf@xb=\dimen171
\pgf@yb=\dimen172
\pgf@xc=\dimen173
\pgf@yc=\dimen174
\pgf@xd=\dimen175
\pgf@yd=\dimen176
\w@pgf@writea=\write3
\r@pgf@reada=\read3
\c@pgf@counta=\count308
\c@pgf@countb=\count309
\c@pgf@countc=\count310
\c@pgf@countd=\count311
\t@pgf@toka=\toks30
\t@pgf@tokb=\toks31
\t@pgf@tokc=\toks32
\pgf@sys@id@count=\count312
 (c:/texlive/2025/texmf-dist/tex/generic/pgf/systemlayer/pgf.cfg
File: pgf.cfg 2023-01-15 v3.1.10 (3.1.10)
)
Driver file for pgf: pgfsys-xetex.def
 (c:/texlive/2025/texmf-dist/tex/generic/pgf/systemlayer/pgfsys-xetex.def
File: pgfsys-xetex.def 2023-01-15 v3.1.10 (3.1.10)
 (c:/texlive/2025/texmf-dist/tex/generic/pgf/systemlayer/pgfsys-dvipdfmx.def
File: pgfsys-dvipdfmx.def 2023-01-15 v3.1.10 (3.1.10)
 (c:/texlive/2025/texmf-dist/tex/generic/pgf/systemlayer/pgfsys-common-pdf.def
File: pgfsys-common-pdf.def 2023-01-15 v3.1.10 (3.1.10)
)
\pgfsys@objnum=\count313
))) (c:/texlive/2025/texmf-dist/tex/generic/pgf/systemlayer/pgfsyssoftpath.code.tex
File: pgfsyssoftpath.code.tex 2023-01-15 v3.1.10 (3.1.10)
\pgfsyssoftpath@smallbuffer@items=\count314
\pgfsyssoftpath@bigbuffer@items=\count315
) (c:/texlive/2025/texmf-dist/tex/generic/pgf/systemlayer/pgfsysprotocol.code.tex
File: pgfsysprotocol.code.tex 2023-01-15 v3.1.10 (3.1.10)
)) (c:/texlive/2025/texmf-dist/tex/latex/xcolor/xcolor.sty
Package: xcolor 2024/09/29 v3.02 LaTeX color extensions (UK)
 (c:/texlive/2025/texmf-dist/tex/latex/graphics-cfg/color.cfg
File: color.cfg 2016/01/02 v1.6 sample color configuration
)
Package xcolor Info: Driver file: xetex.def on input line 274.
 (c:/texlive/2025/texmf-dist/tex/latex/graphics/mathcolor.ltx)
Package xcolor Info: Model `cmy' substituted by `cmy0' on input line 1349.
Package xcolor Info: Model `RGB' extended on input line 1365.
Package xcolor Info: Model `HTML' substituted by `rgb' on input line 1367.
Package xcolor Info: Model `Hsb' substituted by `hsb' on input line 1368.
Package xcolor Info: Model `tHsb' substituted by `hsb' on input line 1369.
Package xcolor Info: Model `HSB' substituted by `hsb' on input line 1370.
Package xcolor Info: Model `Gray' substituted by `gray' on input line 1371.
Package xcolor Info: Model `wave' substituted by `hsb' on input line 1372.
) (c:/texlive/2025/texmf-dist/tex/generic/pgf/basiclayer/pgfcore.code.tex
Package: pgfcore 2023-01-15 v3.1.10 (3.1.10)
 (c:/texlive/2025/texmf-dist/tex/generic/pgf/math/pgfmath.code.tex (c:/texlive/2025/texmf-dist/tex/generic/pgf/math/pgfmathutil.code.tex) (c:/texlive/2025/texmf-dist/tex/generic/pgf/math/pgfmathparser.code.tex
\pgfmath@dimen=\dimen177
\pgfmath@count=\count316
\pgfmath@box=\box57
\pgfmath@toks=\toks33
\pgfmath@stack@operand=\toks34
\pgfmath@stack@operation=\toks35
) (c:/texlive/2025/texmf-dist/tex/generic/pgf/math/pgfmathfunctions.code.tex) (c:/texlive/2025/texmf-dist/tex/generic/pgf/math/pgfmathfunctions.basic.code.tex) (c:/texlive/2025/texmf-dist/tex/generic/pgf/math/pgfmathfunctions.trigonometric.code.tex) (c:/texlive/2025/texmf-dist/tex/generic/pgf/math/pgfmathfunctions.random.code.tex) (c:/texlive/2025/texmf-dist/tex/generic/pgf/math/pgfmathfunctions.comparison.code.tex) (c:/texlive/2025/texmf-dist/tex/generic/pgf/math/pgfmathfunctions.base.code.tex) (c:/texlive/2025/texmf-dist/tex/generic/pgf/math/pgfmathfunctions.round.code.tex) (c:/texlive/2025/texmf-dist/tex/generic/pgf/math/pgfmathfunctions.misc.code.tex) (c:/texlive/2025/texmf-dist/tex/generic/pgf/math/pgfmathfunctions.integerarithmetics.code.tex) (c:/texlive/2025/texmf-dist/tex/generic/pgf/math/pgfmathcalc.code.tex) (c:/texlive/2025/texmf-dist/tex/generic/pgf/math/pgfmathfloat.code.tex
\c@pgfmathroundto@lastzeros=\count317
)) (c:/texlive/2025/texmf-dist/tex/generic/pgf/math/pgfint.code.tex) (c:/texlive/2025/texmf-dist/tex/generic/pgf/basiclayer/pgfcorepoints.code.tex
File: pgfcorepoints.code.tex 2023-01-15 v3.1.10 (3.1.10)
\pgf@picminx=\dimen178
\pgf@picmaxx=\dimen179
\pgf@picminy=\dimen180
\pgf@picmaxy=\dimen181
\pgf@pathminx=\dimen182
\pgf@pathmaxx=\dimen183
\pgf@pathminy=\dimen184
\pgf@pathmaxy=\dimen185
\pgf@xx=\dimen186
\pgf@xy=\dimen187
\pgf@yx=\dimen188
\pgf@yy=\dimen189
\pgf@zx=\dimen190
\pgf@zy=\dimen191
) (c:/texlive/2025/texmf-dist/tex/generic/pgf/basiclayer/pgfcorepathconstruct.code.tex
File: pgfcorepathconstruct.code.tex 2023-01-15 v3.1.10 (3.1.10)
\pgf@path@lastx=\dimen192
\pgf@path@lasty=\dimen193
) (c:/texlive/2025/texmf-dist/tex/generic/pgf/basiclayer/pgfcorepathusage.code.tex
File: pgfcorepathusage.code.tex 2023-01-15 v3.1.10 (3.1.10)
\pgf@shorten@end@additional=\dimen194
\pgf@shorten@start@additional=\dimen195
) (c:/texlive/2025/texmf-dist/tex/generic/pgf/basiclayer/pgfcorescopes.code.tex
File: pgfcorescopes.code.tex 2023-01-15 v3.1.10 (3.1.10)
\pgfpic=\box58
\pgf@hbox=\box59
\pgf@layerbox@main=\box60
\pgf@picture@serial@count=\count318
) (c:/texlive/2025/texmf-dist/tex/generic/pgf/basiclayer/pgfcoregraphicstate.code.tex
File: pgfcoregraphicstate.code.tex 2023-01-15 v3.1.10 (3.1.10)
\pgflinewidth=\dimen196
) (c:/texlive/2025/texmf-dist/tex/generic/pgf/basiclayer/pgfcoretransformations.code.tex
File: pgfcoretransformations.code.tex 2023-01-15 v3.1.10 (3.1.10)
\pgf@pt@x=\dimen197
\pgf@pt@y=\dimen198
\pgf@pt@temp=\dimen199
) (c:/texlive/2025/texmf-dist/tex/generic/pgf/basiclayer/pgfcorequick.code.tex
File: pgfcorequick.code.tex 2023-01-15 v3.1.10 (3.1.10)
) (c:/texlive/2025/texmf-dist/tex/generic/pgf/basiclayer/pgfcoreobjects.code.tex
File: pgfcoreobjects.code.tex 2023-01-15 v3.1.10 (3.1.10)
) (c:/texlive/2025/texmf-dist/tex/generic/pgf/basiclayer/pgfcorepathprocessing.code.tex
File: pgfcorepathprocessing.code.tex 2023-01-15 v3.1.10 (3.1.10)
) (c:/texlive/2025/texmf-dist/tex/generic/pgf/basiclayer/pgfcorearrows.code.tex
File: pgfcorearrows.code.tex 2023-01-15 v3.1.10 (3.1.10)
\pgfarrowsep=\dimen256
) (c:/texlive/2025/texmf-dist/tex/generic/pgf/basiclayer/pgfcoreshade.code.tex
File: pgfcoreshade.code.tex 2023-01-15 v3.1.10 (3.1.10)
\pgf@max=\dimen257
\pgf@sys@shading@range@num=\count319
\pgf@shadingcount=\count320
) (c:/texlive/2025/texmf-dist/tex/generic/pgf/basiclayer/pgfcoreimage.code.tex
File: pgfcoreimage.code.tex 2023-01-15 v3.1.10 (3.1.10)
) (c:/texlive/2025/texmf-dist/tex/generic/pgf/basiclayer/pgfcoreexternal.code.tex
File: pgfcoreexternal.code.tex 2023-01-15 v3.1.10 (3.1.10)
\pgfexternal@startupbox=\box61
) (c:/texlive/2025/texmf-dist/tex/generic/pgf/basiclayer/pgfcorelayers.code.tex
File: pgfcorelayers.code.tex 2023-01-15 v3.1.10 (3.1.10)
) (c:/texlive/2025/texmf-dist/tex/generic/pgf/basiclayer/pgfcoretransparency.code.tex
File: pgfcoretransparency.code.tex 2023-01-15 v3.1.10 (3.1.10)
) (c:/texlive/2025/texmf-dist/tex/generic/pgf/basiclayer/pgfcorepatterns.code.tex
File: pgfcorepatterns.code.tex 2023-01-15 v3.1.10 (3.1.10)
) (c:/texlive/2025/texmf-dist/tex/generic/pgf/basiclayer/pgfcorerdf.code.tex
File: pgfcorerdf.code.tex 2023-01-15 v3.1.10 (3.1.10)
))) (c:/texlive/2025/texmf-dist/tex/generic/pgf/modules/pgfmoduleshapes.code.tex
File: pgfmoduleshapes.code.tex 2023-01-15 v3.1.10 (3.1.10)
\pgfnodeparttextbox=\box62
) (c:/texlive/2025/texmf-dist/tex/generic/pgf/modules/pgfmoduleplot.code.tex
File: pgfmoduleplot.code.tex 2023-01-15 v3.1.10 (3.1.10)
) (c:/texlive/2025/texmf-dist/tex/latex/pgf/compatibility/pgfcomp-version-0-65.sty
Package: pgfcomp-version-0-65 2023-01-15 v3.1.10 (3.1.10)
\pgf@nodesepstart=\dimen258
\pgf@nodesepend=\dimen259
) (c:/texlive/2025/texmf-dist/tex/latex/pgf/compatibility/pgfcomp-version-1-18.sty
Package: pgfcomp-version-1-18 2023-01-15 v3.1.10 (3.1.10)
)) (c:/texlive/2025/texmf-dist/tex/latex/pgf/utilities/pgffor.sty (c:/texlive/2025/texmf-dist/tex/latex/pgf/utilities/pgfkeys.sty (c:/texlive/2025/texmf-dist/tex/generic/pgf/utilities/pgfkeys.code.tex)) (c:/texlive/2025/texmf-dist/tex/latex/pgf/math/pgfmath.sty (c:/texlive/2025/texmf-dist/tex/generic/pgf/math/pgfmath.code.tex)) (c:/texlive/2025/texmf-dist/tex/generic/pgf/utilities/pgffor.code.tex
Package: pgffor 2023-01-15 v3.1.10 (3.1.10)
\pgffor@iter=\dimen260
\pgffor@skip=\dimen261
\pgffor@stack=\toks36
\pgffor@toks=\toks37
)) (c:/texlive/2025/texmf-dist/tex/generic/pgf/frontendlayer/tikz/tikz.code.tex
Package: tikz 2023-01-15 v3.1.10 (3.1.10)
 (c:/texlive/2025/texmf-dist/tex/generic/pgf/libraries/pgflibraryplothandlers.code.tex
File: pgflibraryplothandlers.code.tex 2023-01-15 v3.1.10 (3.1.10)
\pgf@plot@mark@count=\count321
\pgfplotmarksize=\dimen262
)
\tikz@lastx=\dimen263
\tikz@lasty=\dimen264
\tikz@lastxsaved=\dimen265
\tikz@lastysaved=\dimen266
\tikz@lastmovetox=\dimen267
\tikz@lastmovetoy=\dimen268
\tikzleveldistance=\dimen269
\tikzsiblingdistance=\dimen270
\tikz@figbox=\box63
\tikz@figbox@bg=\box64
\tikz@tempbox=\box65
\tikz@tempbox@bg=\box66
\tikztreelevel=\count322
\tikznumberofchildren=\count323
\tikznumberofcurrentchild=\count324
\tikz@fig@count=\count325
 (c:/texlive/2025/texmf-dist/tex/generic/pgf/modules/pgfmodulematrix.code.tex
File: pgfmodulematrix.code.tex 2023-01-15 v3.1.10 (3.1.10)
\pgfmatrixcurrentrow=\count326
\pgfmatrixcurrentcolumn=\count327
\pgf@matrix@numberofcolumns=\count328
)
\tikz@expandcount=\count329
 (c:/texlive/2025/texmf-dist/tex/generic/pgf/frontendlayer/tikz/libraries/tikzlibrarytopaths.code.tex
File: tikzlibrarytopaths.code.tex 2023-01-15 v3.1.10 (3.1.10)
))) (c:/texlive/2025/texmf-dist/tex/generic/pgf/frontendlayer/tikz/libraries/tikzlibrarycalc.code.tex
File: tikzlibrarycalc.code.tex 2023-01-15 v3.1.10 (3.1.10)
) (c:/texlive/2025/texmf-dist/tex/generic/xstring/xstring.sty (c:/texlive/2025/texmf-dist/tex/generic/xstring/xstring.tex
\xs_counta=\count330
\xs_countb=\count331
)
Package: xstring 2023/08/22 v1.86 String manipulations (CT)
) (c:/texlive/2025/texmf-dist/tex/latex/fancyhdr/extramarks.sty
Package: extramarks 2025/02/07 v5.2 Extra marks for LaTeX
\c__mark_class_extramarks-left_mark=\marks4
\c__mark_class_extramarks-right_mark=\marks5
) (c:/texlive/2025/texmf-dist/tex/latex/geometry/geometry.sty
Package: geometry 2020/01/02 v5.9 Page Geometry
 (c:/texlive/2025/texmf-dist/tex/generic/iftex/ifvtex.sty
Package: ifvtex 2019/10/25 v1.7 ifvtex legacy package. Use iftex instead.
)
\Gm@cnth=\count332
\Gm@cntv=\count333
\c@Gm@tempcnt=\count334
\Gm@bindingoffset=\dimen271
\Gm@wd@mp=\dimen272
\Gm@odd@mp=\dimen273
\Gm@even@mp=\dimen274
\Gm@layoutwidth=\dimen275
\Gm@layoutheight=\dimen276
\Gm@layouthoffset=\dimen277
\Gm@layoutvoffset=\dimen278
\Gm@dimlist=\toks38
) (c:/texlive/2025/texmf-dist/tex/latex/tools/indentfirst.sty
Package: indentfirst 2023/07/02 v1.03 Indent first paragraph (DPC)
) (c:/texlive/2025/texmf-dist/tex/latex/setspace/setspace.sty
Package: setspace 2022/12/04 v6.7b set line spacing
) (c:/texlive/2025/texmf-dist/tex/latex/booktabs/booktabs.sty
Package: booktabs 2020/01/12 v1.61803398 Publication quality tables
\heavyrulewidth=\dimen279
\lightrulewidth=\dimen280
\cmidrulewidth=\dimen281
\belowrulesep=\dimen282
\belowbottomsep=\dimen283
\aboverulesep=\dimen284
\abovetopsep=\dimen285
\cmidrulesep=\dimen286
\cmidrulekern=\dimen287
\defaultaddspace=\dimen288
\@cmidla=\count335
\@cmidlb=\count336
\@aboverulesep=\dimen289
\@belowrulesep=\dimen290
\@thisruleclass=\count337
\@lastruleclass=\count338
\@thisrulewidth=\dimen291
) (c:/texlive/2025/texmf-dist/tex/latex/caption/caption.sty
Package: caption 2023/08/05 v3.6o Customizing captions (AR)
 (c:/texlive/2025/texmf-dist/tex/latex/caption/caption3.sty
Package: caption3 2023/07/31 v2.4d caption3 kernel (AR)
\caption@tempdima=\dimen292
\captionmargin=\dimen293
\caption@leftmargin=\dimen294
\caption@rightmargin=\dimen295
\caption@width=\dimen296
\caption@indent=\dimen297
\caption@parindent=\dimen298
\caption@hangindent=\dimen299
Package caption Info: Standard document class detected.
)
\c@caption@flags=\count339
\c@continuedfloat=\count340
Package caption Info: hyperref package is loaded.
Package caption Info: scrextend package is loaded.
\caption@addmargin@hsize=\dimen300
\caption@addmargin@linewidth=\dimen301
) (c:/texlive/2025/texmf-dist/tex/latex/caption/subcaption.sty
Package: subcaption 2023/07/28 v1.6b Sub-captions (AR)
Package caption Info: New subtype `subfigure' on input line 238.
\c@subfigure=\count341
Package caption Info: New subtype `subtable' on input line 238.
\c@subtable=\count342
)
Package hyperref Info: Option `colorlinks' set `true' on input line 87.
) (c:/texlive/2025/texmf-dist/tex/latex/tcolorbox/tcolorbox.sty
Package: tcolorbox 2025/07/08 version 6.7.1 text color boxes
 (c:/texlive/2025/texmf-dist/tex/latex/tools/verbatim.sty
Package: verbatim 2024-01-22 v1.5x LaTeX2e package for verbatim enhancements
\every@verbatim=\toks39
\verbatim@line=\toks40
\verbatim@in@stream=\read4
) (c:/texlive/2025/texmf-dist/tex/latex/environ/environ.sty
Package: environ 2014/05/04 v0.3 A new way to define environments
 (c:/texlive/2025/texmf-dist/tex/latex/trimspaces/trimspaces.sty
Package: trimspaces 2009/09/17 v1.1 Trim spaces around a token list
))
\tcb@titlebox=\box67
\tcb@upperbox=\box68
\tcb@lowerbox=\box69
\tcb@phantombox=\box70
\c@tcbbreakpart=\count343
\c@tcblayer=\count344
\c@tcolorbox@number=\count345
\l__tcobox_tmpa_box=\box71
\l__tcobox_tmpa_dim=\dimen302
\tcb@temp=\box72
\tcb@temp=\box73
\tcb@temp=\box74
\tcb@temp=\box75
) (c:/texlive/2025/texmf-dist/tex/latex/listings/listings.sty
\lst@mode=\count346
\lst@gtempboxa=\box76
\lst@token=\toks41
\lst@length=\count347
\lst@currlwidth=\dimen303
\lst@column=\count348
\lst@pos=\count349
\lst@lostspace=\dimen304
\lst@width=\dimen305
\lst@newlines=\count350
\lst@lineno=\count351
\lst@maxwidth=\dimen306
 (c:/texlive/2025/texmf-dist/tex/latex/listings/lstpatch.sty
File: lstpatch.sty 2024/09/23 1.10c (Carsten Heinz)
) (c:/texlive/2025/texmf-dist/tex/latex/listings/lstmisc.sty
File: lstmisc.sty 2024/09/23 1.10c (Carsten Heinz)
\c@lstnumber=\count352
\lst@skipnumbers=\count353
\lst@framebox=\box77
) (c:/texlive/2025/texmf-dist/tex/latex/listings/listings.cfg
File: listings.cfg 2024/09/23 1.10c listings configuration
))
Package: listings 2024/09/23 1.10c (Carsten Heinz)
LaTeX Font Info:    Trying to load font information for T5+ptm on input line 21.
 (c:/texlive/2025/texmf-dist/tex/latex/vntex/t5ptm.fd
File: t5utm.fd 2005/08/24 Fontinst v1.929 font definitions for T5/ptm.
) (c:/texlive/2025/texmf-dist/tex/latex/l3backend/l3backend-xetex.def
File: l3backend-xetex.def 2025-06-09 L3 backend support: XeTeX
\g__graphics_track_int=\count354
\g__pdfannot_backend_int=\count355
\g__pdfannot_backend_link_int=\count356
) (./main.aux
Package babel Info: 'vietnamese' activates 'vietnamese' shorthands.
(babel)             Reported on input line 9.
 (./contents/approach_1.aux) (./contents/approach_2.aux) (./contents/approach_3.aux) (./contents/random.aux))
\openout1 = `main.aux'.

LaTeX Font Info:    Checking defaults for OML/cmm/m/it on input line 21.
LaTeX Font Info:    ... okay on input line 21.
LaTeX Font Info:    Checking defaults for OMS/cmsy/m/n on input line 21.
LaTeX Font Info:    ... okay on input line 21.
LaTeX Font Info:    Checking defaults for OT1/cmr/m/n on input line 21.
LaTeX Font Info:    ... okay on input line 21.
LaTeX Font Info:    Checking defaults for T1/cmr/m/n on input line 21.
LaTeX Font Info:    ... okay on input line 21.
LaTeX Font Info:    Checking defaults for TS1/cmr/m/n on input line 21.
LaTeX Font Info:    ... okay on input line 21.
LaTeX Font Info:    Checking defaults for TU/lmr/m/n on input line 21.
LaTeX Font Info:    ... okay on input line 21.
LaTeX Font Info:    Checking defaults for OMX/cmex/m/n on input line 21.
LaTeX Font Info:    ... okay on input line 21.
LaTeX Font Info:    Checking defaults for U/cmr/m/n on input line 21.
LaTeX Font Info:    ... okay on input line 21.
LaTeX Font Info:    Checking defaults for T5/cmr/m/n on input line 21.
LaTeX Font Info:    Trying to load font information for T5+cmr on input line 21.
 (c:/texlive/2025/texmf-dist/tex/latex/vntex/t5cmr.fd
File: t5cmr.fd 1999/05/25 v2.5h Standard LaTeX font definitions
)
LaTeX Font Info:    ... okay on input line 21.
LaTeX Font Info:    Checking defaults for PD1/pdf/m/n on input line 21.
LaTeX Font Info:    ... okay on input line 21.
LaTeX Font Info:    Checking defaults for PU/pdf/m/n on input line 21.
LaTeX Font Info:    ... okay on input line 21.
Package hyperref Info: Link coloring ON on input line 21.
 (./main.out) (./main.out)
\@outlinefile=\write4
\openout4 = `main.out'.


*geometry* driver: auto-detecting
*geometry* detected driver: xetex
*geometry* verbose mode - [ preamble ] result:
* driver: xetex
* paper: a4paper
* layout: <same size as paper>
* layoutoffset:(h,v)=(0.0pt,0.0pt)
* modes: includehead includefoot twoside 
* h-part:(L,W,R)=(85.35826pt, 455.24411pt, 56.9055pt)
* v-part:(T,H,B)=(56.9055pt, 731.23584pt, 56.9055pt)
* \paperwidth=597.50787pt
* \paperheight=845.04684pt
* \textwidth=455.24411pt
* \textheight=641.23584pt
* \oddsidemargin=13.08827pt
* \evensidemargin=-15.36449pt
* \topmargin=-15.36449pt
* \headheight=35.0pt
* \headsep=25.0pt
* \topskip=10.0pt
* \footskip=30.0pt
* \marginparwidth=111.0pt
* \marginparsep=11.0pt
* \columnsep=10.0pt
* \skip\footins=10.8pt plus 4.0pt minus 2.0pt
* \hoffset=0.0pt
* \voffset=0.0pt
* \mag=1000
* \@twocolumnfalse
* \@twosidetrue
* \@mparswitchtrue
* \@reversemarginfalse
* (1in=72.27pt=25.4mm, 1cm=28.453pt)

Package caption Info: Begin \AtBeginDocument code.
Package caption Info: listings package is loaded.
Package caption Info: End \AtBeginDocument code.
\c@lstlisting=\count357
Missing character: There is no Đ ("110) in font utmr8v!
Missing character: There is no Ạ ("1EA0) in font utmr8v!
Missing character: There is no Ọ ("1ECC) in font utmr8v!
Missing character: There is no Ố ("1ED0) in font utmr8v!
Missing character: There is no Ố ("1ED0) in font utmr8v!
Missing character: There is no Ồ ("1ED2) in font utmr8v!
Missing character: There is no Ư ("1AF) in font utmr8v!
Missing character: There is no Ờ ("1EDC) in font utmr8v!
Missing character: There is no Đ ("110) in font utmr8v!
Missing character: There is no Ạ ("1EA0) in font utmr8v!
Missing character: There is no Ọ ("1ECC) in font utmr8v!
Missing character: There is no Ọ ("1ECC) in font utmr8v!
Missing character: There is no Ỹ ("1EF8) in font utmr8v!
Missing character: There is no Ậ ("1EAC) in font utmr8v!
File: graphics/hcmut.png Graphic file (type bmp)
<graphics/hcmut.png>
LaTeX Font Info:    Trying to load font information for OT1+ztmcm on input line 22.
(c:/texlive/2025/texmf-dist/tex/latex/psnfss/ot1ztmcm.fd
File: ot1ztmcm.fd 2000/01/03 Fontinst v1.801 font definitions for OT1/ztmcm.
)
LaTeX Font Info:    Trying to load font information for OML+ztmcm on input line 22.
 (c:/texlive/2025/texmf-dist/tex/latex/psnfss/omlztmcm.fd
File: omlztmcm.fd 2000/01/03 Fontinst v1.801 font definitions for OML/ztmcm.
)
LaTeX Font Info:    Trying to load font information for OMS+ztmcm on input line 22.
 (c:/texlive/2025/texmf-dist/tex/latex/psnfss/omsztmcm.fd
File: omsztmcm.fd 2000/01/03 Fontinst v1.801 font definitions for OMS/ztmcm.
)
LaTeX Font Info:    Trying to load font information for OMX+ztmcm on input line 22.
 (c:/texlive/2025/texmf-dist/tex/latex/psnfss/omxztmcm.fd
File: omxztmcm.fd 2000/01/03 Fontinst v1.801 font definitions for OMX/ztmcm.
)
LaTeX Font Info:    Trying to load font information for OT1+ptm on input line 22.
 (c:/texlive/2025/texmf-dist/tex/latex/psnfss/ot1ptm.fd
File: ot1ptm.fd 2001/06/04 font definitions for OT1/ptm.
)
LaTeX Font Info:    Font shape `OT1/ptm/bx/n' in size <12> not available
(Font)              Font shape `OT1/ptm/b/n' tried instead on input line 22.
LaTeX Font Info:    Font shape `OT1/ptm/bx/n' in size <9> not available
(Font)              Font shape `OT1/ptm/b/n' tried instead on input line 22.
LaTeX Font Info:    Font shape `OT1/ptm/bx/n' in size <7> not available
(Font)              Font shape `OT1/ptm/b/n' tried instead on input line 22.

Missing character: There is no ệ ("1EC7) in font utmb8v!
Missing character: There is no đ ("111) in font utmb8v!
Missing character: There is no ề ("1EC1) in font utmb8v!
Missing character: There is no ấ ("1EA5) in font utmb8v!
Missing character: There is no ỉ ("1EC9) in font utmb8v!
Missing character: There is no ố ("1ED1) in font utmb8v!
LaTeX Font Info:    Font shape `OT1/ptm/bx/n' in size <24.88> not available
(Font)              Font shape `OT1/ptm/b/n' tried instead on input line 22.
LaTeX Font Info:    Font shape `OT1/ptm/bx/n' in size <17.28> not available
(Font)              Font shape `OT1/ptm/b/n' tried instead on input line 22.
LaTeX Font Info:    Font shape `OT1/ptm/bx/n' in size <14.4> not available
(Font)              Font shape `OT1/ptm/b/n' tried instead on input line 22.
Missing character: There is no ư ("1B0) in font utmr8v!
Missing character: There is no ớ ("1EDB) in font utmr8v!
Missing character: There is no ẫ ("1EAB) in font utmr8v!
Missing character: There is no ả ("1EA3) in font utmr8v!
Missing character: There is no ự ("1EF1) in font utmr8v!
Missing character: There is no ệ ("1EC7) in font utmr8v!
Missing character: There is no ự ("1EF1) in font utmr8v!
Missing character: There is no ễ ("1EC5) in font utmr8v!
Missing character: There is no ơ ("1A1) in font utmr8v!
Missing character: There is no Đ ("110) in font utmr8v!
Missing character: There is no ứ ("1EE9) in font utmr8v!
Missing character: There is no Ố ("1ED0) in font utmr8v!
Missing character: There is no Ồ ("1ED2) in font utmr8v!


[1

]

[2


]
Missing character: There is no ụ ("1EE5) in font utmb8v!
Missing character: There is no ụ ("1EE5) in font utmb8v!
(./main.toc
Missing character: There is no ụ ("1EE5) in font ptmr7t!
Missing character: There is no ê ("EA) in font ptmr7t!
Missing character: There is no ậ ("1EAD) in font ptmr7t!
Missing character: There is no á ("E1) in font ptmr7t!
Missing character: There is no á ("E1) in font ptmr7t!
Missing character: There is no ằ ("1EB1) in font ptmr7t!
Missing character: There is no Đ ("110) in font ptmr7t!
Missing character: There is no ề ("1EC1) in font ptmr7t!
Missing character: There is no ấ ("1EA5) in font ptmr7t!
Missing character: There is no ả ("1EA3) in font ptmr7t!
Missing character: There is no á ("E1) in font ptmr7t!
Missing character: There is no Đ ("110) in font ptmr7t!
Missing character: There is no ề ("1EC1) in font ptmr7t!
Missing character: There is no ỉ ("1EC9) in font ptmr7t!
Missing character: There is no ơ ("1A1) in font ptmr7t!
Missing character: There is no ế ("1EBF) in font ptmr7t!
Missing character: There is no ố ("1ED1) in font ptmr7t!
Missing character: There is no ẫ ("1EAB) in font ptmr7t!
Missing character: There is no ê ("EA) in font ptmr7t!
Missing character: There is no đ ("111) in font ptmr7t!
Missing character: There is no ể ("1EC3) in font ptmr7t!
Missing character: There is no ă ("103) in font ptmr7t!
Missing character: There is no đ ("111) in font ptmr7t!
Missing character: There is no ộ ("1ED9) in font ptmr7t!
Missing character: There is no í ("ED) in font ptmr7t!
Missing character: There is no á ("E1) in font ptmr7t!
)
\tf@toc=\write5
\openout5 = `main.toc'.



File: graphics/hcmut.png Graphic file (type bmp)
<graphics/hcmut.png>
LaTeX Font Info:    Trying to load font information for T5+lmtt on input line 26.
(c:/texlive/2025/texmf-dist/tex/latex/lm/t5lmtt.fd
File: t5lmtt.fd 2015/05/01 v1.6.1 Font defs for Latin Modern
)
LaTeX Font Info:    Font shape `T5/lmtt/bx/n' in size <12> not available
(Font)              Font shape `T5/lmtt/b/n' tried instead on input line 26.

Missing character: There is no Ư ("1AF) in font t5-lmtk10!
Missing character: There is no Ờ ("1EDC) in font t5-lmtk10!
Missing character: There is no Đ ("110) in font t5-lmtk10!
Missing character: There is no Ạ ("1EA0) in font t5-lmtk10!
Missing character: There is no Ọ ("1ECC) in font t5-lmtk10!
Missing character: There is no Ọ ("1ECC) in font t5-lmtk10!
Missing character: There is no Ỹ ("1EF8) in font t5-lmtk10!
Missing character: There is no Ậ ("1EAC) in font t5-lmtk10!
[3]
\openout2 = `contents/approach_1.aux'.

 (./contents/approach_1.tex (c:/texlive/2025/texmf-dist/tex/latex/listings/lstlang1.sty
File: lstlang1.sty 2024/09/23 1.10c listings language file
) (c:/texlive/2025/texmf-dist/tex/latex/listings/lstmisc.sty
File: lstmisc.sty 2024/09/23 1.10c (Carsten Heinz)
)
LaTeX Font Info:    Trying to load font information for TS1+ptm on input line 6.
 (c:/texlive/2025/texmf-dist/tex/latex/psnfss/ts1ptm.fd
File: ts1ptm.fd 2001/06/04 font definitions for TS1/ptm.
))

Missing character: There is no Ư ("1AF) in font t5-lmtk10!
Missing character: There is no Ờ ("1EDC) in font t5-lmtk10!
Missing character: There is no Đ ("110) in font t5-lmtk10!
Missing character: There is no Ạ ("1EA0) in font t5-lmtk10!
Missing character: There is no Ọ ("1ECC) in font t5-lmtk10!
Missing character: There is no Ọ ("1ECC) in font t5-lmtk10!
Missing character: There is no Ỹ ("1EF8) in font t5-lmtk10!
Missing character: There is no Ậ ("1EAC) in font t5-lmtk10!
File: graphics/hcmut.png Graphic file (type bmp)
<graphics/hcmut.png>
[4

]
\openout2 = `contents/approach_2.aux'.

 (./contents/approach_2.tex)
\openout2 = `contents/approach_3.aux'.

 (./contents/approach_3.tex
Missing character: There is no ụ ("1EE5) in font utmb8v!
Missing character: There is no Ở ("1EDE) in font utmr8v!
Missing character: There is no ư ("1B0) in font utmr8v!
Missing character: There is no ớ ("1EDB) in font utmr8v!
Missing character: There is no đ ("111) in font utmr8v!
Missing character: There is no ể ("1EC3) in font utmr8v!
Missing character: There is no ề ("1EC1) in font utmr8v!
Missing character: There is no ử ("1EED) in font utmr8v!
Missing character: There is no ụ ("1EE5) in font utmr8v!
Missing character: There is no ế ("1EBF) in font utmr8v!
Missing character: There is no ệ ("1EC7) in font utmr8v!
Missing character: There is no ẻ ("1EBB) in font utmr8v!
Missing character: There is no ế ("1EBF) in font utmr8v!
Missing character: There is no ọ ("1ECD) in font utmr8v!
Missing character: There is no ầ ("1EA7) in font utmr8v!
Missing character: There is no ẽ ("1EBD) in font utmr8v!
Missing character: There is no ế ("1EBF) in font utmr8v!
Missing character: There is no ậ ("1EAD) in font utmr8v!
Missing character: There is no ứ ("1EE9) in font utmr8v!
Missing character: There is no đ ("111) in font utmr8v!
Missing character: There is no đ ("111) in font utmr8v!
Missing character: There is no ề ("1EC1) in font utmr8v!
Missing character: There is no ử ("1EED) in font utmr8v!
Missing character: There is no ụ ("1EE5) in font utmr8v!
Missing character: There is no ế ("1EBF) in font utmr8v!
Missing character: There is no ụ ("1EE5) in font utmr8v!
Missing character: There is no ộ ("1ED9) in font utmr8v!
Missing character: There is no đ ("111) in font utmr8v!
Missing character: There is no ể ("1EC3) in font utmr8v!
Missing character: There is no đ ("111) in font utmr8v!
Missing character: There is no ế ("1EBF) in font utmr8v!
Missing character: There is no ố ("1ED1) in font utmr8v!
Missing character: There is no đ ("111) in font utmr8v!
Missing character: There is no ể ("1EC3) in font utmr8v!
Missing character: There is no ơ ("1A1) in font utmr8v!
Missing character: There is no ồ ("1ED3) in font utmr8v!
Missing character: There is no ộ ("1ED9) in font utmr8v!
Missing character: There is no ồ ("1ED3) in font utmr8v!
Missing character: There is no ổ ("1ED5) in font utmr8v!
Missing character: There is no ế ("1EBF) in font utmr8v!
Missing character: There is no ầ ("1EA7) in font utmr8v!
Missing character: There is no ử ("1EED) in font utmr8v!
Missing character: There is no ụ ("1EE5) in font utmr8v!
Missing character: There is no ế ("1EBF) in font utmr8v!
Missing character: There is no ụ ("1EE5) in font utmr8v!
Missing character: There is no đ ("111) in font utmr8v!
Missing character: There is no ể ("1EC3) in font utmr8v!
Missing character: There is no ư ("1B0) in font utmr8v!
Missing character: There is no ữ ("1EEF) in font utmr8v!
Missing character: There is no ố ("1ED1) in font utmr8v!
Missing character: There is no đ ("111) in font utmr8v!
Missing character: There is no ể ("1EC3) in font utmr8v!
Missing character: There is no ơ ("1A1) in font utmr8v!
Missing character: There is no ồ ("1ED3) in font utmr8v!
Missing character: There is no ậ ("1EAD) in font utmb8v!
Missing character: There is no ậ ("1EAD) in font utmb8v!
Missing character: There is no ự ("1EF1) in font utmb8v!
Missing character: There is no ế ("1EBF) in font utmb8v!
Missing character: There is no ế ("1EBF) in font utmr8v!
Missing character: There is no ụ ("1EE5) in font utmr8v!
Missing character: There is no ỗ ("1ED7) in font utmr8v!
Missing character: There is no ồ ("1ED3) in font utmr8v!
Missing character: There is no ự ("1EF1) in font utmr8v!
Missing character: There is no ế ("1EBF) in font utmr8v!
Missing character: There is no ử ("1EED) in font utmr8v!
Missing character: There is no ụ ("1EE5) in font utmr8v!
Missing character: There is no ơ ("1A1) in font utmr8v!
Missing character: There is no ế ("1EBF) in font utmr8v!
Missing character: There is no đ ("111) in font utmr8v!
Missing character: There is no ể ("1EC3) in font utmr8v!
Missing character: There is no ạ ("1EA1) in font utmr8v!
Missing character: There is no ề ("1EC1) in font utmr8v!
Missing character: There is no ồ ("1ED3) in font utmr8v!
Missing character: There is no ậ ("1EAD) in font utmr8v!
Missing character: There is no ậ ("1EAD) in font utmr8v!
Missing character: There is no ậ ("1EAD) in font utmr8v!
Missing character: There is no ế ("1EBF) in font utmr8v!
Missing character: There is no ụ ("1EE5) in font utmr8v!
Missing character: There is no ậ ("1EAD) in font utmb8v!
Missing character: There is no ả ("1EA3) in font utmr8v!
Missing character: There is no đ ("111) in font utmr8v!
Missing character: There is no ồ ("1ED3) in font utmr8v!
Missing character: There is no ớ ("1EDB) in font utmr8v!
Missing character: There is no ế ("1EBF) in font utmr8v!
Missing character: There is no ẻ ("1EBB) in font utmr8v!
Missing character: There is no ư ("1B0) in font utmr8v!
Missing character: There is no ơ ("1A1) in font utmr8v!
Missing character: There is no ạ ("1EA1) in font utmr8v!
Missing character: There is no ồ ("1ED3) in font utmr8v!
Missing character: There is no ỗ ("1ED7) in font utmr8v!
Missing character: There is no ồ ("1ED3) in font utmr8v!
Missing character: There is no đ ("111) in font utmr8v!
Missing character: There is no ư ("1B0) in font utmr8v!
Missing character: There is no ợ ("1EE3) in font utmr8v!
Missing character: There is no ộ ("1ED9) in font utmr8v!
Missing character: There is no đ ("111) in font utmr8v!
Missing character: There is no ạ ("1EA1) in font utmr8v!
Missing character: There is no ỉ ("1EC9) in font utmr8v!
Missing character: There is no ố ("1ED1) in font utmr8v!
Missing character: There is no đ ("111) in font utmr8v!
Missing character: There is no ể ("1EC3) in font utmr8v!
Missing character: There is no ế ("1EBF) in font utmr8v!
Missing character: There is no ả ("1EA3) in font utmr8v!
Missing character: There is no ồ ("1ED3) in font utmr8v!
Missing character: There is no ố ("1ED1) in font utmr8v!
Missing character: There is no ế ("1EBF) in font utmr8v!
Missing character: There is no ả ("1EA3) in font utmr8v!
Missing character: There is no ồ ("1ED3) in font utmr8v!
Missing character: There is no ố ("1ED1) in font utmr8v!
Missing character: There is no ế ("1EBF) in font utmr8v!
Missing character: There is no ả ("1EA3) in font utmr8v!
Missing character: There is no ồ ("1ED3) in font utmr8v!
Missing character: There is no ố ("1ED1) in font utmr8v!
Missing character: There is no ế ("1EBF) in font utmr8v!
Missing character: There is no ả ("1EA3) in font utmr8v!
Missing character: There is no ồ ("1ED3) in font utmr8v!
Missing character: There is no ố ("1ED1) in font utmr8v!
Missing character: There is no ế ("1EBF) in font utmr8v!
Missing character: There is no ồ ("1ED3) in font utmr8v!
Missing character: There is no ố ("1ED1) in font utmr8v!
Missing character: There is no ế ("1EBF) in font utmr8v!
Missing character: There is no ồ ("1ED3) in font utmr8v!
Missing character: There is no ố ("1ED1) in font utmr8v!
Missing character: There is no ế ("1EBF) in font utmr8v!
Missing character: There is no ồ ("1ED3) in font utmr8v!
Missing character: There is no ố ("1ED1) in font utmr8v!
Missing character: There is no ế ("1EBF) in font utmr8v!
Missing character: There is no ồ ("1ED3) in font utmr8v!
Missing character: There is no ố ("1ED1) in font utmr8v!
Missing character: There is no ỗ ("1ED7) in font utmr8v!
Missing character: There is no đ ("111) in font utmr8v!
Missing character: There is no ể ("1EC3) in font utmr8v!
Missing character: There is no đ ("111) in font utmr8v!
Missing character: There is no ư ("1B0) in font utmr8v!
Missing character: There is no ợ ("1EE3) in font utmr8v!
Missing character: There is no ự ("1EF1) in font utmr8v!
Missing character: There is no ộ ("1ED9) in font utmr8v!
Missing character: There is no ụ ("1EE5) in font utmr8v!
Missing character: There is no ộ ("1ED9) in font utmr8v!
Missing character: There is no ỉ ("1EC9) in font utmr8v!
Missing character: There is no ố ("1ED1) in font utmr8v!
Missing character: There is no ụ ("1EE5) in font utmr8v!
Missing character: There is no ử ("1EED) in font utmr8v!
Missing character: There is no ụ ("1EE5) in font utmr8v!
Missing character: There is no đ ("111) in font utmr8v!
Missing character: There is no ể ("1EC3) in font utmr8v!
Missing character: There is no ậ ("1EAD) in font utmr8v!
Missing character: There is no ậ ("1EAD) in font utmr8v!
Missing character: There is no ế ("1EBF) in font utmr8v!
Missing character: There is no ụ ("1EE5) in font utmr8v!
Missing character: There is no ằ ("1EB1) in font utmb8v!
Missing character: There is no ế ("1EBF) in font utmr8v!
Missing character: There is no ẻ ("1EBB) in font utmr8v!
Missing character: There is no ế ("1EBF) in font utmr8v!
Missing character: There is no ề ("1EC1) in font utmr8v!
Missing character: There is no ồ ("1ED3) in font utmr8v!
Missing character: There is no ự ("1EF1) in font utmr8v!
Missing character: There is no ệ ("1EC7) in font utmr8v!


File: graphics/hcmut.png Graphic file (type bmp)
<graphics/hcmut.png>
Missing character: There is no Ư ("1AF) in font t5-lmtk10!
Missing character: There is no Ờ ("1EDC) in font t5-lmtk10!
Missing character: There is no Đ ("110) in font t5-lmtk10!
Missing character: There is no Ạ ("1EA0) in font t5-lmtk10!
Missing character: There is no Ọ ("1ECC) in font t5-lmtk10!
Missing character: There is no Ọ ("1ECC) in font t5-lmtk10!
Missing character: There is no Ỹ ("1EF8) in font t5-lmtk10!
Missing character: There is no Ậ ("1EAC) in font t5-lmtk10!
[5






]
Missing character: There is no ơ ("1A1) in font utmr8v!
Missing character: There is no ế ("1EBF) in font utmr8v!
Missing character: There is no đ ("111) in font utmr8v!
Missing character: There is no ồ ("1ED3) in font utmr8v!
Missing character: There is no ộ ("1ED9) in font utmr8v!
Missing character: There is no ư ("1B0) in font utmr8v!
Missing character: There is no ơ ("1A1) in font utmr8v!
Missing character: There is no ẽ ("1EBD) in font utmr8v!
Missing character: There is no ặ ("1EB7) in font utmr8v!
Missing character: There is no ồ ("1ED3) in font utmr8v!
Missing character: There is no đ ("111) in font utmr8v!
Missing character: There is no ọ ("1ECD) in font utmr8v!
Missing character: There is no ộ ("1ED9) in font utmr8v!
Missing character: There is no ị ("1ECB) in font utmr8v!
Missing character: There is no ũ ("169) in font utmr8v!
Missing character: There is no ă ("103) in font utmr8v!
Missing character: There is no ồ ("1ED3) in font utmr8v!
Missing character: There is no đ ("111) in font utmr8v!
Missing character: There is no ẫ ("1EAB) in font utmr8v!
Missing character: There is no ế ("1EBF) in font utmr8v!
Missing character: There is no ị ("1ECB) in font utmr8v!
Missing character: There is no ố ("1ED1) in font utmr8v!
Missing character: There is no ủ ("1EE7) in font utmr8v!
Missing character: There is no ị ("1ECB) in font utmr8v!
Missing character: There is no ế ("1EBF) in font utmr8v!
Missing character: There is no ặ ("1EB7) in font utmr8v!
Missing character: There is no Đ ("110) in font utmr8v!
Missing character: There is no ề ("1EC1) in font utmr8v!
Missing character: There is no ẫ ("1EAB) in font utmr8v!
Missing character: There is no ớ ("1EDB) in font utmr8v!
Missing character: There is no ế ("1EBF) in font utmr8v!
Missing character: There is no ả ("1EA3) in font utmr8v!
Missing character: There is no ấ ("1EA5) in font utmr8v!
Missing character: There is no ỉ ("1EC9) in font utmr8v!
Missing character: There is no ị ("1ECB) in font utmr8v!
Missing character: There is no ệ ("1EC7) in font utmr8v!
Missing character: There is no Đ ("110) in font utmr8v!
Missing character: There is no ể ("1EC3) in font utmr8v!
Missing character: There is no ệ ("1EC7) in font utmr8v!
Missing character: There is no ư ("1B0) in font utmr8v!
Missing character: There is no ợ ("1EE3) in font utmr8v!
Missing character: There is no đ ("111) in font utmr8v!
Missing character: There is no ỗ ("1ED7) in font utmr8v!
Missing character: There is no ầ ("1EA7) in font utmr8v!
Missing character: There is no ậ ("1EAD) in font utmr8v!
Missing character: There is no ậ ("1EAD) in font utmr8v!
Missing character: There is no ả ("1EA3) in font utmr8v!
Missing character: There is no đ ("111) in font utmr8v!
Missing character: There is no ư ("1B0) in font utmr8v!
Missing character: There is no ợ ("1EE3) in font utmr8v!
Missing character: There is no ả ("1EA3) in font utmr8v!
Missing character: There is no ệ ("1EC7) in font utmr8v!
Missing character: There is no ở ("1EDF) in font utmr8v!
Missing character: There is no ư ("1B0) in font utmr8v!
Missing character: There is no ậ ("1EAD) in font utmr8v!
Missing character: There is no ạ ("1EA1) in font utmr8v!
Missing character: There is no ọ ("1ECD) in font utmr8v!
Missing character: There is no ờ ("1EDD) in font utmr8v!
Missing character: There is no đ ("111) in font utmr8v!
Missing character: There is no ể ("1EC3) in font utmr8v!
Missing character: There is no ỉ ("1EC9) in font utmr8v!
Missing character: There is no ộ ("1ED9) in font utmr8v!
Missing character: There is no ồ ("1ED3) in font utmr8v!
Missing character: There is no đ ("111) in font utmr8v!
Missing character: There is no ư ("1B0) in font utmr8v!
Missing character: There is no ợ ("1EE3) in font utmr8v!
Missing character: There is no ậ ("1EAD) in font utmr8v!
Missing character: There is no ậ ("1EAD) in font utmr8v!
Missing character: There is no đ ("111) in font utmr8v!
Missing character: There is no ả ("1EA3) in font utmr8v!
Missing character: There is no ả ("1EA3) in font utmr8v!
Missing character: There is no ế ("1EBF) in font utmr8v!
Missing character: There is no ả ("1EA3) in font utmr8v!
Missing character: There is no ố ("1ED1) in font utmr8v!
Missing character: There is no đ ("111) in font utmr8v!
Missing character: There is no Đ ("110) in font utmb8v!
Missing character: There is no ề ("1EC1) in font utmb8v!
Missing character: There is no ấ ("1EA5) in font utmb8v!
Missing character: There is no ả ("1EA3) in font utmb8v!
Missing character: There is no ộ ("1ED9) in font utmr8v!
Missing character: There is no ư ("1B0) in font utmr8v!
Missing character: There is no ợ ("1EE3) in font utmr8v!
Missing character: There is no đ ("111) in font utmr8v!
Missing character: There is no ể ("1EC3) in font utmr8v!
Missing character: There is no ủ ("1EE7) in font utmr8v!
Missing character: There is no ế ("1EBF) in font utmr8v!
Missing character: There is no ậ ("1EAD) in font utmr8v!
Missing character: There is no ỗ ("1ED7) in font utmr8v!
Missing character: There is no ầ ("1EA7) in font utmr8v!
Missing character: There is no đ ("111) in font utmr8v!
Missing character: There is no ể ("1EC3) in font utmr8v!
Missing character: There is no ờ ("1EDD) in font utmr8v!
Missing character: There is no ồ ("1ED3) in font utmr8v!
Missing character: There is no ả ("1EA3) in font utmr8v!
Missing character: There is no ự ("1EF1) in font utmr8v!
Missing character: There is no ệ ("1EC7) in font utmr8v!
Missing character: There is no ớ ("1EDB) in font utmr8v!
Missing character: There is no ố ("1ED1) in font utmr8v!
Missing character: There is no đ ("111) in font utmr8v!
Missing character: There is no ể ("1EC3) in font utmr8v!
Missing character: There is no ớ ("1EDB) in font utmr8v!
Missing character: There is no đ ("111) in font utmr8v!
Missing character: There is no ế ("1EBF) in font utmr8v!
Missing character: There is no ề ("1EC1) in font utmr8v!
Missing character: There is no ồ ("1ED3) in font utmr8v!
Missing character: There is no ệ ("1EC7) in font utmr8v!
Missing character: There is no ấ ("1EA5) in font utmr8v!
Missing character: There is no ớ ("1EDB) in font utmr8v!
Missing character: There is no ẫ ("1EAB) in font utmr8v!
Missing character: There is no đ ("111) in font utmr8v!
Missing character: There is no ế ("1EBF) in font utmr8v!
Missing character: There is no ặ ("1EB7) in font utmr8v!
Missing character: There is no ề ("1EC1) in font utmr8v!
Missing character: There is no Đ ("110) in font utmr8v!
Missing character: There is no ể ("1EC3) in font utmr8v!
Missing character: There is no ả ("1EA3) in font utmb8v!
Missing character: There is no ẫ ("1EAB) in font utmr8v!
Missing character: There is no ữ ("1EEF) in font utmr8v!
Missing character: There is no ư ("1B0) in font utmr8v!
Missing character: There is no ở ("1EDF) in font utmr8v!
Missing character: There is no ử ("1EED) in font utmr8v!
Missing character: There is no ụ ("1EE5) in font utmr8v!
Missing character: There is no ế ("1EBF) in font utmr8v!
Missing character: There is no ẻ ("1EBB) in font utmr8v!
Missing character: There is no ể ("1EC3) in font utmr8v!
Missing character: There is no đ ("111) in font utmr8v!
Missing character: There is no ề ("1EC1) in font utmr8v!
Missing character: There is no ấ ("1EA5) in font utmr8v!
Missing character: There is no ả ("1EA3) in font utmr8v!
Missing character: There is no ỗ ("1ED7) in font utmr8v!
Missing character: There is no ồ ("1ED3) in font utmr8v!
Missing character: There is no ử ("1EED) in font utmr8v!
Missing character: There is no ụ ("1EE5) in font utmr8v!
Missing character: There is no ộ ("1ED9) in font utmr8v!
Missing character: There is no ế ("1EBF) in font utmr8v!
Missing character: There is no đ ("111) in font utmr8v!
Missing character: There is no ế ("1EBF) in font utmr8v!
Missing character: There is no ụ ("1EE5) in font utmr8v!
Missing character: There is no ộ ("1ED9) in font utmr8v!
Missing character: There is no ặ ("1EB7) in font utmr8v!
Missing character: There is no ồ ("1ED3) in font utmr8v!
Missing character: There is no ỉ ("1EC9) in font utmr8v!
Missing character: There is no ă ("103) in font utmr8v!
Missing character: There is no ụ ("1EE5) in font utmr8v!
Missing character: There is no ấ ("1EA5) in font utmr8v!
Missing character: There is no ả ("1EA3) in font utmr8v!
Missing character: There is no đ ("111) in font utmr8v!
Missing character: There is no ể ("1EC3) in font utmr8v!
Missing character: There is no đ ("111) in font utmr8v!
Missing character: There is no ư ("1B0) in font utmr8v!
Missing character: There is no ợ ("1EE3) in font utmr8v!
Missing character: There is no ồ ("1ED3) in font utmr8v!
Missing character: There is no ớ ("1EDB) in font utmr8v!
Missing character: There is no ư ("1B0) in font utmr8v!
Missing character: There is no ậ ("1EAD) in font utmr8v!
Missing character: There is no ỗ ("1ED7) in font utmr8v!
Missing character: There is no ồ ("1ED3) in font utmr8v!
Missing character: There is no ỉ ("1EC9) in font utmr8v!
Missing character: There is no ộ ("1ED9) in font utmb8v!
Missing character: There is no ầ ("1EA7) in font utmb8v!
Missing character: There is no ệ ("1EC7) in font utmr8v!
Missing character: There is no ầ ("1EA7) in font utmr8v!
Missing character: There is no ả ("1EA3) in font utmr8v!
Missing character: There is no đ ("111) in font utmr8v!
Missing character: There is no ể ("1EC3) in font utmr8v!
Missing character: There is no đ ("111) in font utmr8v!
Missing character: There is no ồ ("1ED3) in font utmr8v!
Missing character: There is no ộ ("1ED9) in font utmr8v!
Missing character: There is no ẫ ("1EAB) in font utmr8v!
Missing character: There is no ữ ("1EEF) in font utmr8v!
Missing character: There is no đ ("111) in font utmr8v!
Missing character: There is no ầ ("1EA7) in font utmr8v!
Missing character: There is no “ ("201C) in font utmr8v!
Missing character: There is no ế ("1EBF) in font utmr8v!
Missing character: There is no ẻ ("1EBB) in font utmr8v!
Missing character: There is no ” ("201D) in font utmr8v!
Missing character: There is no đ ("111) in font utmr8v!
Missing character: There is no ồ ("1ED3) in font utmr8v!
Missing character: There is no ờ ("1EDD) in font utmr8v!
Missing character: There is no ờ ("1EDD) in font utmr8v!
Missing character: There is no ả ("1EA3) in font utmr8v!
Missing character: There is no đ ("111) in font utmr8v!
Missing character: There is no ồ ("1ED3) in font utmr8v!
Missing character: There is no ộ ("1ED9) in font utmr8v!
Missing character: There is no ế ("1EBF) in font utmr8v!
Missing character: There is no ầ ("1EA7) in font utmr8v!
Missing character: There is no ơ ("1A1) in font utmr8v!
Missing character: There is no ề ("1EC1) in font utmr8v!
Missing character: There is no ệ ("1EC7) in font utmr8v!
Missing character: There is no ă ("103) in font utmr8v!
Missing character: There is no ớ ("1EDB) in font utmr8v!
)

Missing character: There is no Ư ("1AF) in font t5-lmtk10!
Missing character: There is no Ờ ("1EDC) in font t5-lmtk10!
Missing character: There is no Đ ("110) in font t5-lmtk10!
Missing character: There is no Ạ ("1EA0) in font t5-lmtk10!
Missing character: There is no Ọ ("1ECC) in font t5-lmtk10!
Missing character: There is no Ọ ("1ECC) in font t5-lmtk10!
Missing character: There is no Ỹ ("1EF8) in font t5-lmtk10!
Missing character: There is no Ậ ("1EAC) in font t5-lmtk10!
File: graphics/hcmut.png Graphic file (type bmp)
<graphics/hcmut.png>
[6]
\openout2 = `contents/random.aux'.

 (./contents/random.tex
Missing character: There is no Đ ("110) in font utmb8v!
Missing character: There is no ề ("1EC1) in font utmb8v!
Missing character: There is no ỉ ("1EC9) in font utmb8v!
Missing character: There is no ơ ("1A1) in font utmb8v!
Missing character: There is no ế ("1EBF) in font utmb8v!
Missing character: There is no ố ("1ED1) in font utmb8v!
Missing character: There is no ẫ ("1EAB) in font utmb8v!
Missing character: There is no đ ("111) in font utmb8v!
Missing character: There is no ể ("1EC3) in font utmb8v!
Missing character: There is no ă ("103) in font utmb8v!
Missing character: There is no đ ("111) in font utmb8v!
Missing character: There is no ộ ("1ED9) in font utmb8v!
Missing character: There is no ấ ("1EA5) in font utmr8v!
Missing character: There is no ư ("1B0) in font utmr8v!
Missing character: There is no ợ ("1EE3) in font utmr8v!
Missing character: There is no ử ("1EED) in font utmr8v!
Missing character: There is no ụ ("1EE5) in font utmr8v!
Missing character: There is no ố ("1ED1) in font utmr8v!
Missing character: There is no ẫ ("1EAB) in font utmr8v!
Missing character: There is no ả ("1EA3) in font utmr8v!
Missing character: There is no ư ("1B0) in font utmr8v!
Missing character: There is no ở ("1EDF) in font utmr8v!
Missing character: There is no ự ("1EF1) in font utmr8v!
Missing character: There is no ế ("1EBF) in font utmr8v!
Missing character: There is no đ ("111) in font utmr8v!
Missing character: There is no ế ("1EBF) in font utmr8v!
Missing character: There is no Đ ("110) in font utmr8v!
Missing character: There is no ộ ("1ED9) in font utmr8v!
Missing character: There is no ổ ("1ED5) in font utmb8v!
Missing character: There is no đ ("111) in font utmb8v!
Missing character: There is no ị ("1ECB) in font utmb8v!
Missing character: There is no ủ ("1EE7) in font utmr8v!
Missing character: There is no ế ("1EBF) in font utmr8v!
Missing character: There is no ả ("1EA3) in font utmr8v!
Missing character: There is no ữ ("1EEF) in font utmr8v!
Missing character: There is no ầ ("1EA7) in font utmr8v!
Missing character: There is no ạ ("1EA1) in font utmr8v!
Missing character: There is no Đ ("110) in font utmr8v!
Missing character: There is no ộ ("1ED9) in font utmr8v!
Missing character: There is no ủ ("1EE7) in font utmr8v!
Missing character: There is no ị ("1ECB) in font utmr8v!
Missing character: There is no ấ ("1EA5) in font utmr8v!
Missing character: There is no ỉ ("1EC9) in font utmr8v!
Missing character: There is no ố ("1ED1) in font utmr8v!
Missing character: There is no đ ("111) in font utmr8v!
Missing character: There is no ể ("1EC3) in font utmr8v!
Missing character: There is no ă ("103) in font utmr8v!
Missing character: There is no ử ("1EED) in font utmr8v!
Missing character: There is no ụ ("1EE5) in font utmr8v!
Missing character: There is no ố ("1ED1) in font utmr8v!
Missing character: There is no đ ("111) in font utmr8v!
Missing character: There is no ị ("1ECB) in font utmr8v!
Missing character: There is no ụ ("1EE5) in font utmr8v!
Missing character: There is no ộ ("1ED9) in font utmr8v!
Missing character: There is no ỉ ("1EC9) in font utmr8v!
Missing character: There is no ố ("1ED1) in font utmr8v!
Missing character: There is no ụ ("1EE5) in font utmr8v!
Missing character: There is no ở ("1EDF) in font utmr8v!
Missing character: There is no ạ ("1EA1) in font utmr8v!
Missing character: There is no ừ ("1EEB) in font utmr8v!
Missing character: There is no ờ ("1EDD) in font utmr8v!
Missing character: There is no ệ ("1EC7) in font utmr8v!
Missing character: There is no ố ("1ED1) in font utmr8v!
Missing character: There is no ử ("1EED) in font utmr8v!
Missing character: There is no ụ ("1EE5) in font utmr8v!
Missing character: There is no ộ ("1ED9) in font utmr8v!
Missing character: There is no ố ("1ED1) in font utmri8v!
Missing character: There is no ố ("1ED1) in font utmr8v!
Missing character: There is no đ ("111) in font utmr8v!
Missing character: There is no ị ("1ECB) in font utmr8v!
Missing character: There is no ự ("1EF1) in font utmr8v!
Missing character: There is no ừ ("1EEB) in font utmr8v!
Missing character: There is no đ ("111) in font utmr8v!
Missing character: There is no ể ("1EC3) in font utmr8v!
Missing character: There is no ự ("1EF1) in font utmr8v!
Missing character: There is no ỉ ("1EC9) in font utmr8v!
Missing character: There is no ố ("1ED1) in font utmr8v!
Missing character: There is no ụ ("1EE5) in font utmr8v!
Missing character: There is no ờ ("1EDD) in font utmr8v!
Missing character: There is no đ ("111) in font utmr8v!
Missing character: There is no ớ ("1EDB) in font utmr8v!
Missing character: There is no ỗ ("1ED7) in font utmr8v!
Missing character: There is no đ ("111) in font utmr8v!
Missing character: There is no ể ("1EC3) in font utmr8v!
Missing character: There is no ẽ ("1EBD) in font utmr8v!
Missing character: There is no ấ ("1EA5) in font utmr8v!
Missing character: There is no ố ("1ED1) in font utmr8v!
Missing character: There is no ơ ("1A1) in font utmr8v!
Missing character: There is no đ ("111) in font utmr8v!
Missing character: There is no ể ("1EC3) in font utmr8v!
Missing character: There is no ẫ ("1EAB) in font utmr8v!
Missing character: There is no ớ ("1EDB) in font utmr8v!
Missing character: There is no ị ("1ECB) in font utmr8v!
Missing character: There is no ỗ ("1ED7) in font utmr8v!
Missing character: There is no ỉ ("1EC9) in font utmr8v!
Missing character: There is no ố ("1ED1) in font utmr8v!
Missing character: There is no ạ ("1EA1) in font utmr8v!
Missing character: There is no ộ ("1ED9) in font utmr8v!
Missing character: There is no ặ ("1EB7) in font utmr8v!
Missing character: There is no ụ ("1EE5) in font utmr8v!
Missing character: There is no ộ ("1ED9) in font utmr8v!
Missing character: There is no ố ("1ED1) in font utmr8v!
Missing character: There is no ồ ("1ED3) in font utmr8v!
Missing character: There is no ệ ("1EC7) in font utmr8v!
Missing character: There is no ậ ("1EAD) in font utmr8v!
Missing character: There is no đ ("111) in font utmr8v!
Missing character: There is no ể ("1EC3) in font utmr8v!
Missing character: There is no ẫ ("1EAB) in font utmr8v!
Missing character: There is no đ ("111) in font utmr8v!
Missing character: There is no ư ("1B0) in font utmr8v!
Missing character: There is no ợ ("1EE3) in font utmr8v!
Missing character: There is no ả ("1EA3) in font utmr8v!
Missing character: There is no đ ("111) in font utmr8v!
Missing character: There is no ơ ("1A1) in font utmr8v!
Missing character: There is no ồ ("1ED3) in font utmr8v!
Missing character: There is no đ ("111) in font utmr8v!
Missing character: There is no ồ ("1ED3) in font utmr8v!
Missing character: There is no ư ("1B0) in font utmr8v!
Missing character: There is no ỉ ("1EC9) in font utmr8v!
Missing character: There is no ữ ("1EEF) in font utmr8v!
Missing character: There is no ồ ("1ED3) in font utmr8v!
Missing character: There is no ạ ("1EA1) in font utmr8v!
Missing character: There is no ạ ("1EA1) in font utmr8v!
Missing character: There is no ư ("1B0) in font utmr8v!
Missing character: There is no ơ ("1A1) in font utmr8v!
Missing character: There is no ề ("1EC1) in font utmr8v!
Missing character: There is no ầ ("1EA7) in font utmr8v!
Missing character: There is no ớ ("1EDB) in font utmr8v!
Missing character: There is no ấ ("1EA5) in font utmr8v!
Missing character: There is no ộ ("1ED9) in font utmr8v!
Missing character: There is no ế ("1EBF) in font utmr8v!
Missing character: There is no ả ("1EA3) in font utmr8v!
Missing character: There is no ấ ("1EA5) in font utmr8v!
Missing character: There is no ỉ ("1EC9) in font utmr8v!
Missing character: There is no ệ ("1EC7) in font utmr8v!
Missing character: There is no đ ("111) in font utmr8v!
Missing character: There is no ở ("1EDF) in font utmr8v!
Missing character: There is no đ ("111) in font utmr8v!
Missing character: There is no ậ ("1EAD) in font utmr8v!
Missing character: There is no ơ ("1A1) in font utmr8v!
Missing character: There is no ờ ("1EDD) in font utmr8v!
Missing character: There is no ệ ("1EC7) in font utmr8v!
Missing character: There is no ề ("1EC1) in font utmr8v!
Missing character: There is no ơ ("1A1) in font utmr8v!
Missing character: There is no ế ("1EBF) in font utmr8v!
Missing character: There is no ẫ ("1EAB) in font utmr8v!
Missing character: There is no ư ("1B0) in font utmr8v!
Missing character: There is no ớ ("1EDB) in font utmr8v!
Missing character: There is no ư ("1B0) in font utmri8v!
Missing character: There is no ẫ ("1EAB) in font utmri8v!
Missing character: There is no đ ("111) in font utmri8v!
Missing character: There is no ủ ("1EE7) in font utmri8v!
Missing character: There is no ừ ("1EEB) in font utmr8v!
Missing character: There is no đ ("111) in font utmr8v!
Missing character: There is no ả ("1EA3) in font utmr8v!
Missing character: There is no ả ("1EA3) in font utmr8v!
Missing character: There is no đ ("111) in font utmr8v!
Missing character: There is no ư ("1B0) in font utmr8v!
Missing character: There is no ợ ("1EE3) in font utmr8v!
Missing character: There is no ẫ ("1EAB) in font utmr8v!
Missing character: There is no ậ ("1EAD) in font utmr8v!
Missing character: There is no ừ ("1EEB) in font utmr8v!
Missing character: There is no đ ("111) in font utmr8v!
Missing character: There is no ả ("1EA3) in font utmr8v!
Missing character: There is no ả ("1EA3) in font utmr8v!
Missing character: There is no đ ("111) in font utmr8v!
Missing character: There is no ư ("1B0) in font utmr8v!
Missing character: There is no ợ ("1EE3) in font utmr8v!
Missing character: There is no ặ ("1EB7) in font utmr8v!
Missing character: There is no ạ ("1EA1) in font utmr8v!
Missing character: There is no đ ("111) in font utmr8v!
Missing character: There is no ộ ("1ED9) in font utmr8v!
Missing character: There is no ế ("1EBF) in font utmr8v!
Missing character: There is no ả ("1EA3) in font utmr8v!
Missing character: There is no ự ("1EF1) in font utmr8v!
Missing character: There is no ệ ("1EC7) in font utmr8v!
)

File: graphics/hcmut.png Graphic file (type bmp)
<graphics/hcmut.png>
Missing character: There is no Ư ("1AF) in font t5-lmtk10!
Missing character: There is no Ờ ("1EDC) in font t5-lmtk10!
Missing character: There is no Đ ("110) in font t5-lmtk10!
Missing character: There is no Ạ ("1EA0) in font t5-lmtk10!
Missing character: There is no Ọ ("1ECC) in font t5-lmtk10!
Missing character: There is no Ọ ("1ECC) in font t5-lmtk10!
Missing character: There is no Ỹ ("1EF8) in font t5-lmtk10!
Missing character: There is no Ậ ("1EAC) in font t5-lmtk10!
[7



] (./main.aux (./contents/approach_1.aux) (./contents/approach_2.aux) (./contents/approach_3.aux) (./contents/random.aux))
 ***********
LaTeX2e <2025-06-01> patch level 1
L3 programming layer <2025-07-19>
 ***********
Package rerunfilecheck Info: File `main.out' has not changed.
(rerunfilecheck)             Checksum: D8A7D3142F55D7E6BDCC6CDD93B1F9F6;1473.
 ) 
Here is how much of TeX's memory you used:
 29499 strings out of 468457
 556556 string characters out of 5449590
 1153925 words of memory out of 5000000
 57428 multiletter control sequences out of 15000+600000
 676176 words of font info for 109 fonts, out of 8000000 for 9000
 1348 hyphenation exceptions out of 8191
 125i,22n,121p,523b,1445s stack positions out of 10000i,1000n,20000p,200000b,200000s

Output written on main.pdf (7 pages).
